<?xml version="1.0" encoding="UTF-8" standalone="no"?>
<testsuite failures="1" name="cucumber.runtime.formatter.JUnitFormatter" skipped="0" tests="1" time="18.974802">
<testcase classname="To validate facebook functionality" name="To validate login function with username and password" time="18.974802">
<failure message="java.lang.IllegalArgumentException: Keys to send should be a not null CharSequence&#13;&#10;&#9;at org.openqa.selenium.remote.RemoteWebElement.sendKeys(RemoteWebElement.java:97)&#13;&#10;&#9;at sun.reflect.NativeMethodAccessorImpl.invoke0(Native Method)&#13;&#10;&#9;at sun.reflect.NativeMethodAccessorImpl.invoke(Unknown Source)&#13;&#10;&#9;at sun.reflect.DelegatingMethodAccessorImpl.invoke(Unknown Source)&#13;&#10;&#9;at java.lang.reflect.Method.invoke(Unknown Source)&#13;&#10;&#9;at org.openqa.selenium.support.pagefactory.internal.LocatingElementHandler.invoke(LocatingElementHandler.java:51)&#13;&#10;&#9;at com.sun.proxy.$Proxy17.sendKeys(Unknown Source)&#13;&#10;&#9;at org.base.HelperCLass.fillText(HelperCLass.java:57)&#13;&#10;&#9;at org.demo.StepDefinition.to_pass_valid_username_and_valid_password(StepDefinition.java:30)&#13;&#10;&#9;at ✽.When to pass valid username and valid password(login.feature:8)&#13;&#10;"><![CDATA[Given To open chrome........................................................passed
When to pass valid username and valid password..............................failed
Then to click the button....................................................skipped

StackTrace:
java.lang.IllegalArgumentException: Keys to send should be a not null CharSequence
	at org.openqa.selenium.remote.RemoteWebElement.sendKeys(RemoteWebElement.java:97)
	at sun.reflect.NativeMethodAccessorImpl.invoke0(Native Method)
	at sun.reflect.NativeMethodAccessorImpl.invoke(Unknown Source)
	at sun.reflect.DelegatingMethodAccessorImpl.invoke(Unknown Source)
	at java.lang.reflect.Method.invoke(Unknown Source)
	at org.openqa.selenium.support.pagefactory.internal.LocatingElementHandler.invoke(LocatingElementHandler.java:51)
	at com.sun.proxy.$Proxy17.sendKeys(Unknown Source)
	at org.base.HelperCLass.fillText(HelperCLass.java:57)
	at org.demo.StepDefinition.to_pass_valid_username_and_valid_password(StepDefinition.java:30)
	at ✽.When to pass valid username and valid password(login.feature:8)
]]></failure>
</testcase>
</testsuite>
